{"/home/ybm/Travail/Cumulative Delta Calculator/src/app.ts": {"path":"/home/ybm/Travail/Cumulative Delta Calculator/src/app.ts","statementMap":{"0":{"start":{"line":1,"column":0},"end":{"line":1,"column":35}},"1":{"start":{"line":8,"column":8},"end":{"line":8,"column":29}},"2":{"start":{"line":10,"column":8},"end":{"line":10,"column":48}},"3":{"start":{"line":14,"column":8},"end":{"line":16,"column":null}},"4":{"start":{"line":15,"column":12},"end":{"line":15,"column":69}},"5":{"start":{"line":20,"column":8},"end":{"line":20,"column":24}},"6":{"start":{"line":24,"column":8},"end":{"line":26,"column":11}},"7":{"start":{"line":25,"column":12},"end":{"line":25,"column":49}},"8":{"start":{"line":30,"column":0},"end":{"line":30,"column":19}}},"fnMap":{"0":{"name":"(anonymous_0)","decl":{"start":{"line":7,"column":4},"end":{"line":7,"column":16}},"loc":{"start":{"line":7,"column":41},"end":{"line":11,"column":5}}},"1":{"name":"(anonymous_1)","decl":{"start":{"line":13,"column":11},"end":{"line":13,"column":17}},"loc":{"start":{"line":13,"column":17},"end":{"line":17,"column":5}}},"2":{"name":"(anonymous_2)","decl":{"start":{"line":14,"column":42},"end":{"line":14,"column":45}},"loc":{"start":{"line":14,"column":47},"end":{"line":16,"column":9}}},"3":{"name":"(anonymous_3)","decl":{"start":{"line":19,"column":11},"end":{"line":19,"column":20}},"loc":{"start":{"line":19,"column":20},"end":{"line":21,"column":5}}},"4":{"name":"(anonymous_4)","decl":{"start":{"line":23,"column":12},"end":{"line":23,"column":33}},"loc":{"start":{"line":23,"column":59},"end":{"line":27,"column":5}}},"5":{"name":"(anonymous_5)","decl":{"start":{"line":24,"column":28},"end":{"line":24,"column":38}},"loc":{"start":{"line":24,"column":41},"end":{"line":26,"column":9}}}},"branchMap":{},"s":{"0":1,"1":1,"2":1,"3":0,"4":0,"5":0,"6":1,"7":1,"8":1},"f":{"0":1,"1":0,"2":0,"3":0,"4":1,"5":1},"b":{}}
,"/home/ybm/Travail/Cumulative Delta Calculator/src/api/apiFactory.ts": {"path":"/home/ybm/Travail/Cumulative Delta Calculator/src/api/apiFactory.ts","statementMap":{"0":{"start":{"line":2,"column":0},"end":{"line":2,"column":58}},"1":{"start":{"line":6,"column":4},"end":{"line":12,"column":null}},"2":{"start":{"line":8,"column":8},"end":{"line":8,"column":31}},"3":{"start":{"line":11,"column":8},"end":{"line":11,"column":49}},"4":{"start":{"line":4,"column":0},"end":{"line":4,"column":13}}},"fnMap":{"0":{"name":"(anonymous_0)","decl":{"start":{"line":5,"column":2},"end":{"line":5,"column":8}},"loc":{"start":{"line":5,"column":32},"end":{"line":13,"column":3}}}},"branchMap":{"0":{"loc":{"start":{"line":6,"column":4},"end":{"line":12,"column":null}},"type":"switch","locations":[{"start":{"line":7,"column":6},"end":{"line":8,"column":31}},{"start":{"line":10,"column":6},"end":{"line":11,"column":49}}]}},"s":{"0":3,"1":2,"2":1,"3":1,"4":3},"f":{"0":2},"b":{"0":[1,1]}}
,"/home/ybm/Travail/Cumulative Delta Calculator/src/controllers/exchange.controller.ts": {"path":"/home/ybm/Travail/Cumulative Delta Calculator/src/controllers/exchange.controller.ts","statementMap":{"0":{"start":{"line":1,"column":0},"end":{"line":1,"column":66}},"1":{"start":{"line":3,"column":0},"end":{"line":3,"column":47}},"2":{"start":{"line":4,"column":0},"end":{"line":4,"column":46}},"3":{"start":{"line":8,"column":9},"end":{"line":8,"column":28}},"4":{"start":{"line":9,"column":9},"end":{"line":9,"column":27}},"5":{"start":{"line":24,"column":9},"end":{"line":48,"column":4}},"6":{"start":{"line":28,"column":6},"end":{"line":48,"column":4}},"7":{"start":{"line":29,"column":4},"end":{"line":47,"column":null}},"8":{"start":{"line":30,"column":23},"end":{"line":30,"column":42}},"9":{"start":{"line":31,"column":21},"end":{"line":31,"column":38}},"10":{"start":{"line":33,"column":18},"end":{"line":33,"column":45}},"11":{"start":{"line":34,"column":27},"end":{"line":34,"column":62}},"12":{"start":{"line":36,"column":25},"end":{"line":36,"column":41}},"13":{"start":{"line":37,"column":6},"end":{"line":37,"column":81}},"14":{"start":{"line":37,"column":45},"end":{"line":37,"column":79}},"15":{"start":{"line":39,"column":6},"end":{"line":44,"column":11}},"16":{"start":{"line":46,"column":6},"end":{"line":46,"column":53}},"17":{"start":{"line":50,"column":9},"end":{"line":66,"column":4}},"18":{"start":{"line":54,"column":6},"end":{"line":66,"column":4}},"19":{"start":{"line":55,"column":4},"end":{"line":65,"column":null}},"20":{"start":{"line":56,"column":23},"end":{"line":56,"column":42}},"21":{"start":{"line":57,"column":21},"end":{"line":57,"column":38}},"22":{"start":{"line":59,"column":18},"end":{"line":59,"column":45}},"23":{"start":{"line":60,"column":26},"end":{"line":60,"column":60}},"24":{"start":{"line":62,"column":6},"end":{"line":62,"column":53}},"25":{"start":{"line":64,"column":6},"end":{"line":64,"column":53}},"26":{"start":{"line":68,"column":9},"end":{"line":84,"column":4}},"27":{"start":{"line":72,"column":6},"end":{"line":84,"column":4}},"28":{"start":{"line":73,"column":4},"end":{"line":83,"column":null}},"29":{"start":{"line":74,"column":23},"end":{"line":74,"column":42}},"30":{"start":{"line":75,"column":24},"end":{"line":75,"column":44}},"31":{"start":{"line":77,"column":18},"end":{"line":77,"column":45}},"32":{"start":{"line":78,"column":24},"end":{"line":78,"column":59}},"33":{"start":{"line":80,"column":6},"end":{"line":80,"column":49}},"34":{"start":{"line":82,"column":6},"end":{"line":82,"column":53}},"35":{"start":{"line":12,"column":4},"end":{"line":12,"column":28}},"36":{"start":{"line":16,"column":4},"end":{"line":19,"column":6}},"37":{"start":{"line":20,"column":4},"end":{"line":20,"column":80}},"38":{"start":{"line":21,"column":4},"end":{"line":21,"column":78}},"39":{"start":{"line":87,"column":0},"end":{"line":87,"column":34}}},"fnMap":{"0":{"name":"(anonymous_7)","decl":{"start":{"line":11,"column":2},"end":{"line":11,"column":null}},"loc":{"start":{"line":11,"column":2},"end":{"line":13,"column":3}}},"1":{"name":"(anonymous_8)","decl":{"start":{"line":24,"column":35},"end":{"line":24,"column":null}},"loc":{"start":{"line":28,"column":6},"end":{"line":48,"column":4}}},"2":{"name":"(anonymous_9)","decl":{"start":{"line":28,"column":6},"end":{"line":28,"column":null}},"loc":{"start":{"line":28,"column":6},"end":{"line":48,"column":3}}},"3":{"name":"(anonymous_10)","decl":{"start":{"line":37,"column":27},"end":{"line":37,"column":28}},"loc":{"start":{"line":37,"column":45},"end":{"line":37,"column":79}}},"4":{"name":"(anonymous_11)","decl":{"start":{"line":50,"column":22},"end":{"line":50,"column":null}},"loc":{"start":{"line":54,"column":6},"end":{"line":66,"column":4}}},"5":{"name":"(anonymous_12)","decl":{"start":{"line":54,"column":6},"end":{"line":54,"column":null}},"loc":{"start":{"line":54,"column":6},"end":{"line":66,"column":3}}},"6":{"name":"(anonymous_13)","decl":{"start":{"line":68,"column":20},"end":{"line":68,"column":null}},"loc":{"start":{"line":72,"column":6},"end":{"line":84,"column":4}}},"7":{"name":"(anonymous_14)","decl":{"start":{"line":72,"column":6},"end":{"line":72,"column":null}},"loc":{"start":{"line":72,"column":6},"end":{"line":84,"column":3}}},"8":{"name":"(anonymous_15)","decl":{"start":{"line":15,"column":10},"end":{"line":15,"column":26}},"loc":{"start":{"line":15,"column":26},"end":{"line":22,"column":3}}}},"branchMap":{},"s":{"0":2,"1":2,"2":2,"3":7,"4":7,"5":7,"6":3,"7":3,"8":3,"9":3,"10":3,"11":3,"12":2,"13":2,"14":3,"15":2,"16":1,"17":7,"18":2,"19":2,"20":2,"21":2,"22":2,"23":2,"24":1,"25":1,"26":7,"27":2,"28":2,"29":2,"30":2,"31":2,"32":2,"33":1,"34":1,"35":7,"36":7,"37":7,"38":7,"39":2},"f":{"0":7,"1":3,"2":3,"3":3,"4":2,"5":2,"6":2,"7":2,"8":7},"b":{}}
,"/home/ybm/Travail/Cumulative Delta Calculator/src/exchanges/kucoin/config.ts": {"path":"/home/ybm/Travail/Cumulative Delta Calculator/src/exchanges/kucoin/config.ts","statementMap":{"0":{"start":{"line":1,"column":0},"end":{"line":9,"column":2}}},"fnMap":{},"branchMap":{},"s":{"0":2},"f":{},"b":{}}
,"/home/ybm/Travail/Cumulative Delta Calculator/src/exchanges/kucoin/kucoinAPI.ts": {"path":"/home/ybm/Travail/Cumulative Delta Calculator/src/exchanges/kucoin/kucoinAPI.ts","statementMap":{"0":{"start":{"line":2,"column":0},"end":{"line":2,"column":43}},"1":{"start":{"line":3,"column":0},"end":{"line":3,"column":55}},"2":{"start":{"line":4,"column":0},"end":{"line":4,"column":41}},"3":{"start":{"line":5,"column":0},"end":{"line":5,"column":42}},"4":{"start":{"line":9,"column":19},"end":{"line":9,"column":38}},"5":{"start":{"line":10,"column":4},"end":{"line":10,"column":24}},"6":{"start":{"line":14,"column":21},"end":{"line":15,"column":null}},"7":{"start":{"line":17,"column":4},"end":{"line":19,"column":null}},"8":{"start":{"line":18,"column":6},"end":{"line":18,"column":77}},"9":{"start":{"line":20,"column":19},"end":{"line":20,"column":32}},"10":{"start":{"line":21,"column":4},"end":{"line":29,"column":7}},"11":{"start":{"line":22,"column":6},"end":{"line":28,"column":8}},"12":{"start":{"line":33,"column":21},"end":{"line":33,"column":76}},"13":{"start":{"line":34,"column":4},"end":{"line":36,"column":null}},"14":{"start":{"line":35,"column":6},"end":{"line":35,"column":78}},"15":{"start":{"line":37,"column":20},"end":{"line":37,"column":33}},"16":{"start":{"line":38,"column":4},"end":{"line":45,"column":7}},"17":{"start":{"line":39,"column":6},"end":{"line":44,"column":8}},"18":{"start":{"line":49,"column":21},"end":{"line":49,"column":74}},"19":{"start":{"line":50,"column":4},"end":{"line":52,"column":null}},"20":{"start":{"line":51,"column":6},"end":{"line":51,"column":74}},"21":{"start":{"line":53,"column":18},"end":{"line":53,"column":37}},"22":{"start":{"line":54,"column":4},"end":{"line":74,"column":7}},"23":{"start":{"line":55,"column":6},"end":{"line":73,"column":8}},"24":{"start":{"line":7,"column":0},"end":{"line":7,"column":13}}},"fnMap":{"0":{"name":"(anonymous_7)","decl":{"start":{"line":8,"column":2},"end":{"line":8,"column":null}},"loc":{"start":{"line":8,"column":2},"end":{"line":11,"column":3}}},"1":{"name":"(anonymous_8)","decl":{"start":{"line":13,"column":8},"end":{"line":13,"column":25}},"loc":{"start":{"line":13,"column":40},"end":{"line":30,"column":null}}},"2":{"name":"(anonymous_10)","decl":{"start":{"line":21,"column":22},"end":{"line":21,"column":23}},"loc":{"start":{"line":21,"column":39},"end":{"line":29,"column":5}}},"3":{"name":"(anonymous_11)","decl":{"start":{"line":32,"column":8},"end":{"line":32,"column":24}},"loc":{"start":{"line":32,"column":40},"end":{"line":46,"column":null}}},"4":{"name":"(anonymous_13)","decl":{"start":{"line":38,"column":23},"end":{"line":38,"column":24}},"loc":{"start":{"line":38,"column":47},"end":{"line":45,"column":5}}},"5":{"name":"(anonymous_14)","decl":{"start":{"line":48,"column":8},"end":{"line":48,"column":22}},"loc":{"start":{"line":48,"column":40},"end":{"line":75,"column":null}}},"6":{"name":"(anonymous_16)","decl":{"start":{"line":54,"column":21},"end":{"line":54,"column":22}},"loc":{"start":{"line":54,"column":36},"end":{"line":74,"column":5}}}},"branchMap":{"0":{"loc":{"start":{"line":17,"column":4},"end":{"line":19,"column":null}},"type":"if","locations":[{"start":{"line":17,"column":4},"end":{"line":19,"column":null}}]},"1":{"loc":{"start":{"line":34,"column":4},"end":{"line":36,"column":null}},"type":"if","locations":[{"start":{"line":34,"column":4},"end":{"line":36,"column":null}}]},"2":{"loc":{"start":{"line":50,"column":4},"end":{"line":52,"column":null}},"type":"if","locations":[{"start":{"line":50,"column":4},"end":{"line":52,"column":null}}]}},"s":{"0":5,"1":5,"2":5,"3":5,"4":5,"5":5,"6":2,"7":2,"8":1,"9":1,"10":1,"11":2,"12":1,"13":1,"14":0,"15":1,"16":1,"17":1,"18":1,"19":1,"20":0,"21":1,"22":1,"23":1,"24":5},"f":{"0":5,"1":2,"2":2,"3":1,"4":1,"5":1,"6":1},"b":{"0":[1],"1":[0],"2":[0]}}
,"/home/ybm/Travail/Cumulative Delta Calculator/src/models/deltaIndex.ts": {"path":"/home/ybm/Travail/Cumulative Delta Calculator/src/models/deltaIndex.ts","statementMap":{"0":{"start":{"line":2,"column":0},"end":{"line":2,"column":37}},"1":{"start":{"line":9,"column":4},"end":{"line":9,"column":39}},"2":{"start":{"line":10,"column":4},"end":{"line":10,"column":27}},"3":{"start":{"line":14,"column":4},"end":{"line":18,"column":null}},"4":{"start":{"line":15,"column":6},"end":{"line":15,"column":74}},"5":{"start":{"line":16,"column":11},"end":{"line":18,"column":null}},"6":{"start":{"line":17,"column":6},"end":{"line":17,"column":75}},"7":{"start":{"line":19,"column":4},"end":{"line":19,"column":34}},"8":{"start":{"line":23,"column":4},"end":{"line":23,"column":40}},"9":{"start":{"line":27,"column":0},"end":{"line":27,"column":26}}},"fnMap":{"0":{"name":"(anonymous_0)","decl":{"start":{"line":8,"column":2},"end":{"line":8,"column":null}},"loc":{"start":{"line":8,"column":2},"end":{"line":11,"column":3}}},"1":{"name":"(anonymous_1)","decl":{"start":{"line":13,"column":2},"end":{"line":13,"column":18}},"loc":{"start":{"line":13,"column":31},"end":{"line":20,"column":3}}},"2":{"name":"(anonymous_2)","decl":{"start":{"line":22,"column":2},"end":{"line":22,"column":22}},"loc":{"start":{"line":22,"column":22},"end":{"line":24,"column":3}}}},"branchMap":{"0":{"loc":{"start":{"line":14,"column":4},"end":{"line":18,"column":null}},"type":"if","locations":[{"start":{"line":14,"column":4},"end":{"line":18,"column":null}},{"start":{"line":16,"column":11},"end":{"line":18,"column":null}}]},"1":{"loc":{"start":{"line":16,"column":11},"end":{"line":18,"column":null}},"type":"if","locations":[{"start":{"line":16,"column":11},"end":{"line":18,"column":null}}]}},"s":{"0":2,"1":3,"2":3,"3":6,"4":4,"5":2,"6":2,"7":6,"8":1,"9":2},"f":{"0":3,"1":6,"2":1},"b":{"0":[4,2],"1":[2]}}
,"/home/ybm/Travail/Cumulative Delta Calculator/src/models/fill.ts": {"path":"/home/ybm/Travail/Cumulative Delta Calculator/src/models/fill.ts","statementMap":{"0":{"start":{"line":39,"column":4},"end":{"line":39,"column":25}},"1":{"start":{"line":40,"column":4},"end":{"line":40,"column":27}},"2":{"start":{"line":41,"column":4},"end":{"line":41,"column":27}},"3":{"start":{"line":42,"column":4},"end":{"line":42,"column":41}},"4":{"start":{"line":43,"column":4},"end":{"line":43,"column":21}},"5":{"start":{"line":44,"column":4},"end":{"line":44,"column":31}},"6":{"start":{"line":45,"column":4},"end":{"line":45,"column":33}},"7":{"start":{"line":46,"column":4},"end":{"line":46,"column":23}},"8":{"start":{"line":47,"column":4},"end":{"line":47,"column":21}},"9":{"start":{"line":48,"column":4},"end":{"line":48,"column":23}},"10":{"start":{"line":49,"column":4},"end":{"line":49,"column":19}},"11":{"start":{"line":50,"column":4},"end":{"line":50,"column":27}},"12":{"start":{"line":51,"column":4},"end":{"line":51,"column":35}},"13":{"start":{"line":52,"column":4},"end":{"line":52,"column":21}},"14":{"start":{"line":53,"column":4},"end":{"line":53,"column":21}},"15":{"start":{"line":54,"column":4},"end":{"line":54,"column":31}},"16":{"start":{"line":55,"column":4},"end":{"line":55,"column":31}},"17":{"start":{"line":1,"column":0},"end":{"line":1,"column":13}}},"fnMap":{"0":{"name":"(anonymous_0)","decl":{"start":{"line":20,"column":2},"end":{"line":20,"column":null}},"loc":{"start":{"line":37,"column":21},"end":{"line":56,"column":3}}}},"branchMap":{},"s":{"0":1,"1":1,"2":1,"3":1,"4":1,"5":1,"6":1,"7":1,"8":1,"9":1,"10":1,"11":1,"12":1,"13":1,"14":1,"15":1,"16":1,"17":5},"f":{"0":1},"b":{}}
,"/home/ybm/Travail/Cumulative Delta Calculator/src/models/trade.ts": {"path":"/home/ybm/Travail/Cumulative Delta Calculator/src/models/trade.ts","statementMap":{"0":{"start":{"line":15,"column":4},"end":{"line":15,"column":29}},"1":{"start":{"line":16,"column":4},"end":{"line":16,"column":23}},"2":{"start":{"line":17,"column":4},"end":{"line":17,"column":21}},"3":{"start":{"line":18,"column":4},"end":{"line":18,"column":21}},"4":{"start":{"line":19,"column":4},"end":{"line":19,"column":21}},"5":{"start":{"line":1,"column":0},"end":{"line":1,"column":13}}},"fnMap":{"0":{"name":"(anonymous_0)","decl":{"start":{"line":8,"column":2},"end":{"line":8,"column":null}},"loc":{"start":{"line":13,"column":16},"end":{"line":20,"column":3}}}},"branchMap":{},"s":{"0":2,"1":2,"2":2,"3":2,"4":2,"5":5},"f":{"0":2},"b":{}}
,"/home/ybm/Travail/Cumulative Delta Calculator/src/models/tradeSymbol.ts": {"path":"/home/ybm/Travail/Cumulative Delta Calculator/src/models/tradeSymbol.ts","statementMap":{"0":{"start":{"line":13,"column":4},"end":{"line":13,"column":25}},"1":{"start":{"line":14,"column":4},"end":{"line":14,"column":21}},"2":{"start":{"line":15,"column":4},"end":{"line":15,"column":37}},"3":{"start":{"line":16,"column":4},"end":{"line":16,"column":39}},"4":{"start":{"line":1,"column":0},"end":{"line":1,"column":13}}},"fnMap":{"0":{"name":"(anonymous_0)","decl":{"start":{"line":7,"column":2},"end":{"line":7,"column":null}},"loc":{"start":{"line":11,"column":25},"end":{"line":17,"column":3}}}},"branchMap":{},"s":{"0":1,"1":1,"2":1,"3":1,"4":5},"f":{"0":1},"b":{}}
}
