TN:
SF:src/app.ts
FN:7,(anonymous_0)
FN:13,(anonymous_1)
FN:14,(anonymous_2)
FN:19,(anonymous_3)
FN:23,(anonymous_4)
FN:24,(anonymous_5)
FNF:6
FNH:3
FNDA:1,(anonymous_0)
FNDA:0,(anonymous_1)
FNDA:0,(anonymous_2)
FNDA:0,(anonymous_3)
FNDA:1,(anonymous_4)
FNDA:1,(anonymous_5)
DA:1,1
DA:8,1
DA:10,1
DA:14,0
DA:15,0
DA:20,0
DA:24,1
DA:25,1
DA:30,1
LF:9
LH:6
BRF:0
BRH:0
end_of_record
TN:
SF:src/api/apiFactory.ts
FN:5,(anonymous_0)
FNF:1
FNH:1
FNDA:2,(anonymous_0)
DA:2,3
DA:4,3
DA:6,2
DA:8,1
DA:11,1
LF:5
LH:5
BRDA:6,0,0,1
BRDA:6,0,1,1
BRF:2
BRH:2
end_of_record
TN:
SF:src/controllers/exchange.controller.ts
FN:11,(anonymous_7)
FN:24,(anonymous_8)
FN:28,(anonymous_9)
FN:37,(anonymous_10)
FN:50,(anonymous_11)
FN:54,(anonymous_12)
FN:68,(anonymous_13)
FN:72,(anonymous_14)
FN:15,(anonymous_15)
FNF:9
FNH:9
FNDA:7,(anonymous_7)
FNDA:3,(anonymous_8)
FNDA:3,(anonymous_9)
FNDA:3,(anonymous_10)
FNDA:2,(anonymous_11)
FNDA:2,(anonymous_12)
FNDA:2,(anonymous_13)
FNDA:2,(anonymous_14)
FNDA:7,(anonymous_15)
DA:1,2
DA:3,2
DA:4,2
DA:8,7
DA:9,7
DA:12,7
DA:16,7
DA:20,7
DA:21,7
DA:24,7
DA:28,3
DA:29,3
DA:30,3
DA:31,3
DA:33,3
DA:34,3
DA:36,2
DA:37,3
DA:39,2
DA:46,1
DA:50,7
DA:54,2
DA:55,2
DA:56,2
DA:57,2
DA:59,2
DA:60,2
DA:62,1
DA:64,1
DA:68,7
DA:72,2
DA:73,2
DA:74,2
DA:75,2
DA:77,2
DA:78,2
DA:80,1
DA:82,1
DA:87,2
LF:39
LH:39
BRF:0
BRH:0
end_of_record
TN:
SF:src/exchanges/kucoin/config.ts
FNF:0
FNH:0
DA:1,2
LF:1
LH:1
BRF:0
BRH:0
end_of_record
TN:
SF:src/exchanges/kucoin/kucoinAPI.ts
FN:8,(anonymous_7)
FN:13,(anonymous_8)
FN:21,(anonymous_10)
FN:32,(anonymous_11)
FN:38,(anonymous_13)
FN:48,(anonymous_14)
FN:54,(anonymous_16)
FNF:7
FNH:7
FNDA:5,(anonymous_7)
FNDA:2,(anonymous_8)
FNDA:2,(anonymous_10)
FNDA:1,(anonymous_11)
FNDA:1,(anonymous_13)
FNDA:1,(anonymous_14)
FNDA:1,(anonymous_16)
DA:2,5
DA:3,5
DA:4,5
DA:5,5
DA:7,5
DA:9,5
DA:10,5
DA:14,2
DA:17,2
DA:18,1
DA:20,1
DA:21,1
DA:22,2
DA:33,1
DA:34,1
DA:35,0
DA:37,1
DA:38,1
DA:39,1
DA:49,1
DA:50,1
DA:51,0
DA:53,1
DA:54,1
DA:55,1
LF:25
LH:23
BRDA:17,0,0,1
BRDA:34,1,0,0
BRDA:50,2,0,0
BRF:3
BRH:1
end_of_record
TN:
SF:src/models/deltaIndex.ts
FN:8,(anonymous_0)
FN:13,(anonymous_1)
FN:22,(anonymous_2)
FNF:3
FNH:3
FNDA:3,(anonymous_0)
FNDA:6,(anonymous_1)
FNDA:1,(anonymous_2)
DA:2,2
DA:9,3
DA:10,3
DA:14,6
DA:15,4
DA:16,2
DA:17,2
DA:19,6
DA:23,1
DA:27,2
LF:10
LH:10
BRDA:14,0,0,4
BRDA:14,0,1,2
BRDA:16,1,0,2
BRF:3
BRH:3
end_of_record
TN:
SF:src/models/fill.ts
FN:20,(anonymous_0)
FNF:1
FNH:1
FNDA:1,(anonymous_0)
DA:1,5
DA:39,1
DA:40,1
DA:41,1
DA:42,1
DA:43,1
DA:44,1
DA:45,1
DA:46,1
DA:47,1
DA:48,1
DA:49,1
DA:50,1
DA:51,1
DA:52,1
DA:53,1
DA:54,1
DA:55,1
LF:18
LH:18
BRF:0
BRH:0
end_of_record
TN:
SF:src/models/trade.ts
FN:8,(anonymous_0)
FNF:1
FNH:1
FNDA:2,(anonymous_0)
DA:1,5
DA:15,2
DA:16,2
DA:17,2
DA:18,2
DA:19,2
LF:6
LH:6
BRF:0
BRH:0
end_of_record
TN:
SF:src/models/tradeSymbol.ts
FN:7,(anonymous_0)
FNF:1
FNH:1
FNDA:1,(anonymous_0)
DA:1,5
DA:13,1
DA:14,1
DA:15,1
DA:16,1
LF:5
LH:5
BRF:0
BRH:0
end_of_record
